2025-12-25 19:46:15,637 [INFO] Activator:176 - 


2025-12-25 19:46:15,642 [INFO] Activator:177 - !SESSION log4j initialized
2025-12-25 19:46:21,318 [INFO] LogOutputStream:77 - [STDOUT_REDIRECT] 
2025-12-25 19:46:30,788 [INFO] ApplicationProperties:184 - Using Application install path: C:\Users\hp\Desktop\STM32CubeIDE_1.19.0\STM32CubeIDE\plugins\com.st.stm32cube.common.mx_6.15.0.202507011659
2025-12-25 19:46:30,832 [INFO] DbMcusXml:78 - Set database path to: C:\Users\hp\Desktop\STM32CubeIDE_1.19.0\STM32CubeIDE\plugins\com.st.stm32cube.common.mx_6.15.0.202507011659\\db\/mcu/
2025-12-25 19:46:30,832 [INFO] ApiDb:274 - Set plugin database path to: C:\Users\hp\Desktop\STM32CubeIDE_1.19.0\STM32CubeIDE\plugins\com.st.stm32cube.common.mx_6.15.0.202507011659\\db\/plugins/boardmanager/
2025-12-25 19:46:30,833 [WARN] ApiDb:259 - Overriding images path with different value:  => C:\Users\hp\Desktop\STM32CubeIDE_1.19.0\STM32CubeIDE\plugins\com.st.stm32cube.common.mx_6.15.0.202507011659\\db\/plugins/mcufinder/images/
2025-12-25 19:46:30,856 [INFO] ApiDb:250 - Set database path to: C:\Users\hp\.stmcufinder\plugins\mcufinder//mcu/
2025-12-25 19:46:30,858 [INFO] DbMcusAds:125 - Set database path to: C:\Users\hp\.stmcufinder\plugins\mcufinder//mcu/
2025-12-25 19:46:30,865 [INFO] CrossReferenceDbSqlite:203 - Set database path to: C:\Users\hp\.stmcufinder\plugins\mcufinder//mcu/cs/
2025-12-25 19:46:31,230 [INFO] RulesReader:64 - Compatibility file has been processed (317 Rules)
2025-12-25 19:46:31,511 [INFO] DbMcusXml:78 - Set database path to: C:\Users\hp\Desktop\STM32CubeIDE_1.19.0\STM32CubeIDE\plugins\com.st.stm32cube.common.mx_6.15.0.202507011659\\db\/mcu/
2025-12-25 19:46:31,512 [INFO] ApiDb:274 - Set plugin database path to: C:\Users\hp\Desktop\STM32CubeIDE_1.19.0\STM32CubeIDE\plugins\com.st.stm32cube.common.mx_6.15.0.202507011659\\db\/plugins/boardmanager/
2025-12-25 19:46:31,512 [INFO] ApiDb:261 - Set plugin images path to: C:\Users\hp\Desktop\STM32CubeIDE_1.19.0\STM32CubeIDE\plugins\com.st.stm32cube.common.mx_6.15.0.202507011659\\db\/plugins/mcufinder/images/
2025-12-25 19:46:31,513 [WARN] DbFile:41 - Overriding database path with different value: C:\Users\hp\.stmcufinder\plugins\mcufinder/ => C:\Users\hp\.stmcufinder\plugins\mcufinder
2025-12-25 19:46:31,513 [INFO] ApiDb:250 - Set database path to: C:\Users\hp\.stmcufinder\plugins\mcufinder//mcu/
2025-12-25 19:46:31,513 [WARN] DbFile:41 - Overriding database path with different value: C:\Users\hp\.stmcufinder\plugins\mcufinder/ => C:\Users\hp\.stmcufinder\plugins\mcufinder
2025-12-25 19:46:31,513 [INFO] DbMcusAds:125 - Set database path to: C:\Users\hp\.stmcufinder\plugins\mcufinder//mcu/
2025-12-25 19:46:31,513 [WARN] DbFile:41 - Overriding database path with different value: C:\Users\hp\.stmcufinder\plugins\mcufinder/ => C:\Users\hp\.stmcufinder\plugins\mcufinder
2025-12-25 19:46:31,514 [WARN] DbFile:41 - Overriding database path with different value: C:\Users\hp\.stmcufinder\plugins\mcufinder/ => C:\Users\hp\.stmcufinder\plugins\mcufinder
2025-12-25 19:46:31,514 [INFO] CrossReferenceDbSqlite:203 - Set database path to: C:\Users\hp\.stmcufinder\plugins\mcufinder//mcu/cs/
2025-12-25 19:46:31,717 [INFO] MainPanel:274 - HeapMemory: 268435456
2025-12-25 19:46:32,047 [INFO] DbMcusXml:78 - Set database path to: C:\Users\hp\Desktop\STM32CubeIDE_1.19.0\STM32CubeIDE\plugins\com.st.stm32cube.common.mx_6.15.0.202507011659\\db\/mcu/
2025-12-25 19:46:32,047 [INFO] ApiDb:274 - Set plugin database path to: C:\Users\hp\Desktop\STM32CubeIDE_1.19.0\STM32CubeIDE\plugins\com.st.stm32cube.common.mx_6.15.0.202507011659\\db\/plugins/boardmanager/
2025-12-25 19:46:32,048 [INFO] ApiDb:261 - Set plugin images path to: C:\Users\hp\Desktop\STM32CubeIDE_1.19.0\STM32CubeIDE\plugins\com.st.stm32cube.common.mx_6.15.0.202507011659\\db\/plugins/mcufinder/images/
2025-12-25 19:46:32,049 [WARN] DbFile:41 - Overriding database path with different value: C:\Users\hp\.stmcufinder\plugins\mcufinder/ => C:\Users\hp\.stmcufinder\plugins\mcufinder
2025-12-25 19:46:32,049 [INFO] ApiDb:250 - Set database path to: C:\Users\hp\.stmcufinder\plugins\mcufinder//mcu/
2025-12-25 19:46:32,050 [WARN] DbFile:41 - Overriding database path with different value: C:\Users\hp\.stmcufinder\plugins\mcufinder/ => C:\Users\hp\.stmcufinder\plugins\mcufinder
2025-12-25 19:46:32,050 [INFO] DbMcusAds:125 - Set database path to: C:\Users\hp\.stmcufinder\plugins\mcufinder//mcu/
2025-12-25 19:46:32,050 [WARN] DbFile:41 - Overriding database path with different value: C:\Users\hp\.stmcufinder\plugins\mcufinder/ => C:\Users\hp\.stmcufinder\plugins\mcufinder
2025-12-25 19:46:32,050 [WARN] DbFile:41 - Overriding database path with different value: C:\Users\hp\.stmcufinder\plugins\mcufinder/ => C:\Users\hp\.stmcufinder\plugins\mcufinder
2025-12-25 19:46:32,057 [INFO] CrossReferenceDbSqlite:203 - Set database path to: C:\Users\hp\.stmcufinder\plugins\mcufinder//mcu/cs/
2025-12-25 19:46:32,104 [INFO] ApplicationProperties:184 - Using Application install path: C:\Users\hp\Desktop\STM32CubeIDE_1.19.0\STM32CubeIDE\plugins\com.st.stm32cube.common.mx_6.15.0.202507011659
2025-12-25 19:46:32,107 [INFO] PluginManage:196 - Search for loadable plugins [exclusion list=, ]
2025-12-25 19:46:32,111 [INFO] PluginManage:310 - Check plugin analytics
2025-12-25 19:46:32,677 [INFO] AnalyticsPlugin:253 - Accepted Software Licenses: 
2025-12-25 19:46:32,678 [INFO] AnalyticsPlugin:255 - Accepted CMSIS Pack Licenses: 
2025-12-25 19:46:32,678 [INFO] AnalyticsPlugin:257 - Accepted Firmware Licenses: FW.F4.1.28.0
2025-12-25 19:46:32,686 [INFO] PluginManage:359 - Loaded plugin analytics (category:tool,tabindex:-1)
2025-12-25 19:46:32,687 [INFO] PluginManage:310 - Check plugin cadmodel
2025-12-25 19:46:32,704 [INFO] CADModel:105 - Init CAD model plugin
2025-12-25 19:46:32,704 [INFO] PluginManage:359 - Loaded plugin cadmodel (category:power,tabindex:5)
2025-12-25 19:46:32,706 [INFO] PluginManage:310 - Check plugin clock
2025-12-25 19:46:32,743 [INFO] PluginManage:359 - Loaded plugin clock (category:base,tabindex:2)
2025-12-25 19:46:32,744 [INFO] PluginManage:310 - Check plugin ddr
2025-12-25 19:46:32,751 [INFO] PluginManage:359 - Loaded plugin ddr (category:tool,tabindex:6)
2025-12-25 19:46:32,752 [INFO] PluginManage:310 - Check plugin filemanager
2025-12-25 19:46:33,175 [INFO] PluginManage:359 - Loaded plugin filemanager (category:base,tabindex:10)
2025-12-25 19:46:33,175 [INFO] PluginManage:310 - Check plugin ipmanager
2025-12-25 19:46:33,193 [INFO] PluginManage:359 - Loaded plugin ipmanager (category:base,tabindex:5)
2025-12-25 19:46:33,193 [INFO] PluginManage:310 - Check plugin lpbam
2025-12-25 19:46:33,214 [INFO] PluginManage:359 - Loaded plugin lpbam (category:base,tabindex:0)
2025-12-25 19:46:33,214 [INFO] PluginManage:310 - Check plugin memorymap
2025-12-25 19:46:33,248 [INFO] PluginManage:359 - Loaded plugin memorymap (category:base,tabindex:4)
2025-12-25 19:46:33,248 [INFO] PluginManage:310 - Check plugin pinoutandconfiguration
2025-12-25 19:46:33,275 [INFO] PluginManage:359 - Loaded plugin pinoutandconfiguration (category:base,tabindex:1)
2025-12-25 19:46:33,275 [INFO] PluginManage:310 - Check plugin pinoutconfig
2025-12-25 19:46:33,520 [WARN] SupportedApi:132 - Cannot load RTOS API schema: s4s-elt-must-match.1: The content of 'definitions' must match (annotation?, (simpleType | complexType)?, (unique | key | keyref)*)). A problem was found starting at: attribute.
2025-12-25 19:46:33,920 [INFO] PluginManage:359 - Loaded plugin pinoutconfig (category:base,tabindex:0)
2025-12-25 19:46:33,920 [INFO] PluginManage:310 - Check plugin power
2025-12-25 19:46:33,945 [INFO] PluginManage:359 - Loaded plugin power (category:power,tabindex:4)
2025-12-25 19:46:33,945 [INFO] PluginManage:310 - Check plugin projectmanager
2025-12-25 19:46:34,014 [INFO] PluginManage:359 - Loaded plugin projectmanager (category:projectmanager,tabindex:4)
2025-12-25 19:46:34,014 [INFO] PluginManage:310 - Check plugin rif
2025-12-25 19:46:34,052 [INFO] PluginManage:359 - Loaded plugin rif (category:base,tabindex:3)
2025-12-25 19:46:34,053 [INFO] PluginManage:310 - Check plugin thirdparty
2025-12-25 19:46:34,514 [INFO] PluginManage:359 - Loaded plugin thirdparty (category:base,tabindex:-1)
2025-12-25 19:46:34,514 [WARN] IntegrityCheckThread:84 - waiting for thirdparty lock release [integrity check]
2025-12-25 19:46:34,514 [INFO] PluginManage:310 - Check plugin tools
2025-12-25 19:46:34,514 [INFO] IntegrityCheckThread:86 - entering critical section [integrity check]
2025-12-25 19:46:34,515 [INFO] ThirdPartyUpdaterWithRetryManager:70 - Updater plugin not ready yet. [1/15]
2025-12-25 19:46:34,521 [INFO] PluginManage:359 - Loaded plugin tools (category:base,tabindex:7)
2025-12-25 19:46:34,521 [INFO] PluginManage:310 - Check plugin tutovideos
2025-12-25 19:46:35,121 [INFO] PluginManage:359 - Loaded plugin tutovideos (category:base,tabindex:-1)
2025-12-25 19:46:35,121 [INFO] PluginManage:310 - Check plugin updater
2025-12-25 19:46:35,175 [INFO] PluginManage:359 - Loaded plugin updater (category:base,tabindex:12)
2025-12-25 19:46:35,175 [INFO] PluginManage:310 - Check plugin userauth
2025-12-25 19:46:35,185 [INFO] UserAuth:118 - Init User Auth plugin
2025-12-25 19:46:35,186 [INFO] PluginManage:359 - Loaded plugin userauth (category:base,tabindex:14)
2025-12-25 19:46:35,187 [INFO] PluginManage:283 - PluginManage : Loaded plugins [18]
2025-12-25 19:46:35,813 [INFO] PinOutPanel:1589 - setPackage(No Configuration,No Configuration)
2025-12-25 19:46:36,020 [INFO] CADModel:165 - CPN selected for project level
2025-12-25 19:46:36,021 [INFO] CADModel:114 - Register for checkConnection events
2025-12-25 19:46:36,064 [INFO] IPUIPlugin:80 - create IPUIPlugin
2025-12-25 19:46:36,065 [INFO] PluginManager:220 - loadIPPluginJar : add adc
2025-12-25 19:46:36,071 [INFO] IPUIPlugin:80 - create IPUIPlugin
2025-12-25 19:46:36,071 [INFO] PluginManager:220 - loadIPPluginJar : add aes
2025-12-25 19:46:36,077 [INFO] IPUIPlugin:80 - create IPUIPlugin
2025-12-25 19:46:36,077 [INFO] PluginManager:220 - loadIPPluginJar : add can
2025-12-25 19:46:36,082 [INFO] IPUIPlugin:80 - create IPUIPlugin
2025-12-25 19:46:36,082 [INFO] PluginManager:220 - loadIPPluginJar : add comp
2025-12-25 19:46:36,088 [INFO] IPUIPlugin:80 - create IPUIPlugin
2025-12-25 19:46:36,089 [INFO] PluginManager:220 - loadIPPluginJar : add cryp
2025-12-25 19:46:36,097 [INFO] IPUIPlugin:80 - create IPUIPlugin
2025-12-25 19:46:36,097 [INFO] PluginManager:220 - loadIPPluginJar : add ddr_ctrl_phy
2025-12-25 19:46:36,103 [INFO] IPUIPlugin:80 - create IPUIPlugin
2025-12-25 19:46:36,103 [INFO] PluginManager:220 - loadIPPluginJar : add dfsdm
2025-12-25 19:46:36,114 [INFO] IPUIPlugin:80 - create IPUIPlugin
2025-12-25 19:46:36,116 [INFO] PluginManager:220 - loadIPPluginJar : add dma
2025-12-25 19:46:36,122 [INFO] IPUIPlugin:80 - create IPUIPlugin
2025-12-25 19:46:36,123 [INFO] PluginManager:220 - loadIPPluginJar : add dma3
2025-12-25 19:46:36,129 [INFO] IPUIPlugin:80 - create IPUIPlugin
2025-12-25 19:46:36,129 [INFO] PluginManager:220 - loadIPPluginJar : add extmemmanager
2025-12-25 19:46:36,134 [INFO] IPUIPlugin:80 - create IPUIPlugin
2025-12-25 19:46:36,134 [INFO] PluginManager:220 - loadIPPluginJar : add fatfs
2025-12-25 19:46:36,143 [INFO] IPUIPlugin:80 - create IPUIPlugin
2025-12-25 19:46:36,143 [INFO] PluginManager:220 - loadIPPluginJar : add fmc
2025-12-25 19:46:36,156 [INFO] IPUIPlugin:80 - create IPUIPlugin
2025-12-25 19:46:36,157 [INFO] PluginManager:220 - loadIPPluginJar : add freertos
2025-12-25 19:46:36,160 [INFO] IPUIPlugin:80 - create IPUIPlugin
2025-12-25 19:46:36,160 [INFO] PluginManager:220 - loadIPPluginJar : add genericplugin
2025-12-25 19:46:36,165 [INFO] IPUIPlugin:80 - create IPUIPlugin
2025-12-25 19:46:36,165 [INFO] PluginManager:220 - loadIPPluginJar : add gfxmmu
2025-12-25 19:46:36,175 [INFO] IPUIPlugin:80 - create IPUIPlugin
2025-12-25 19:46:36,176 [INFO] PluginManager:220 - loadIPPluginJar : add gic
2025-12-25 19:46:36,185 [INFO] IPUIPlugin:80 - create IPUIPlugin
2025-12-25 19:46:36,186 [INFO] PluginManager:220 - loadIPPluginJar : add gpio
2025-12-25 19:46:36,192 [INFO] IPUIPlugin:80 - create IPUIPlugin
2025-12-25 19:46:36,192 [INFO] PluginManager:220 - loadIPPluginJar : add gtzc
2025-12-25 19:46:36,197 [INFO] IPUIPlugin:80 - create IPUIPlugin
2025-12-25 19:46:36,198 [INFO] PluginManager:220 - loadIPPluginJar : add hash
2025-12-25 19:46:36,206 [INFO] IPUIPlugin:80 - create IPUIPlugin
2025-12-25 19:46:36,206 [INFO] PluginManager:220 - loadIPPluginJar : add i2c
2025-12-25 19:46:36,211 [INFO] IPUIPlugin:80 - create IPUIPlugin
2025-12-25 19:46:36,211 [INFO] PluginManager:220 - loadIPPluginJar : add i2s
2025-12-25 19:46:36,218 [INFO] IPUIPlugin:80 - create IPUIPlugin
2025-12-25 19:46:36,219 [INFO] PluginManager:220 - loadIPPluginJar : add i3c
2025-12-25 19:46:36,226 [INFO] IPUIPlugin:80 - create IPUIPlugin
2025-12-25 19:46:36,226 [INFO] PluginManager:220 - loadIPPluginJar : add ipddr
2025-12-25 19:46:36,241 [INFO] IPUIPlugin:80 - create IPUIPlugin
2025-12-25 19:46:36,242 [INFO] PluginManager:220 - loadIPPluginJar : add linkedlist
2025-12-25 19:46:36,249 [INFO] IPUIPlugin:80 - create IPUIPlugin
2025-12-25 19:46:36,250 [INFO] PluginManager:220 - loadIPPluginJar : add lorawan
2025-12-25 19:46:36,253 [INFO] IPUIPlugin:80 - create IPUIPlugin
2025-12-25 19:46:36,253 [INFO] PluginManager:220 - loadIPPluginJar : add ltdc
2025-12-25 19:46:36,267 [INFO] IPUIPlugin:80 - create IPUIPlugin
2025-12-25 19:46:36,268 [INFO] PluginManager:220 - loadIPPluginJar : add mdma
2025-12-25 19:46:36,277 [INFO] IPUIPlugin:80 - create IPUIPlugin
2025-12-25 19:46:36,277 [INFO] PluginManager:220 - loadIPPluginJar : add nvic
2025-12-25 19:46:36,286 [INFO] IPUIPlugin:80 - create IPUIPlugin
2025-12-25 19:46:36,286 [INFO] PluginManager:220 - loadIPPluginJar : add opamp
2025-12-25 19:46:36,293 [INFO] IPUIPlugin:80 - create IPUIPlugin
2025-12-25 19:46:36,293 [INFO] PluginManager:220 - loadIPPluginJar : add openamp
2025-12-25 19:46:36,302 [INFO] IPUIPlugin:80 - create IPUIPlugin
2025-12-25 19:46:36,302 [INFO] PluginManager:220 - loadIPPluginJar : add pdm2pcm
2025-12-25 19:46:36,311 [INFO] IPUIPlugin:80 - create IPUIPlugin
2025-12-25 19:46:36,318 [INFO] PluginManager:220 - loadIPPluginJar : add plateformsettings
2025-12-25 19:46:36,322 [INFO] IPUIPlugin:80 - create IPUIPlugin
2025-12-25 19:46:36,322 [INFO] PluginManager:220 - loadIPPluginJar : add quadspi
2025-12-25 19:46:36,326 [INFO] IPUIPlugin:80 - create IPUIPlugin
2025-12-25 19:46:36,327 [INFO] PluginManager:220 - loadIPPluginJar : add radio
2025-12-25 19:46:36,337 [INFO] IPUIPlugin:80 - create IPUIPlugin
2025-12-25 19:46:36,337 [INFO] PluginManager:220 - loadIPPluginJar : add resmgrutility
2025-12-25 19:46:36,344 [INFO] IPUIPlugin:80 - create IPUIPlugin
2025-12-25 19:46:36,344 [INFO] PluginManager:220 - loadIPPluginJar : add sai
2025-12-25 19:46:36,349 [INFO] IPUIPlugin:80 - create IPUIPlugin
2025-12-25 19:46:36,349 [INFO] PluginManager:220 - loadIPPluginJar : add spi
2025-12-25 19:46:36,360 [INFO] IPUIPlugin:80 - create IPUIPlugin
2025-12-25 19:46:36,361 [INFO] PluginManager:220 - loadIPPluginJar : add stm32_wpan
2025-12-25 19:46:36,366 [INFO] IPUIPlugin:80 - create IPUIPlugin
2025-12-25 19:46:36,367 [INFO] PluginManager:220 - loadIPPluginJar : add tim
2025-12-25 19:46:36,375 [INFO] IPUIPlugin:80 - create IPUIPlugin
2025-12-25 19:46:36,375 [INFO] PluginManager:220 - loadIPPluginJar : add touchsensing
2025-12-25 19:46:36,382 [INFO] IPUIPlugin:80 - create IPUIPlugin
2025-12-25 19:46:36,382 [INFO] PluginManager:220 - loadIPPluginJar : add tracer_emb
2025-12-25 19:46:36,387 [INFO] IPUIPlugin:80 - create IPUIPlugin
2025-12-25 19:46:36,388 [INFO] PluginManager:220 - loadIPPluginJar : add ts
2025-12-25 19:46:36,391 [INFO] IPUIPlugin:80 - create IPUIPlugin
2025-12-25 19:46:36,392 [INFO] PluginManager:220 - loadIPPluginJar : add tsc
2025-12-25 19:46:36,397 [INFO] IPUIPlugin:80 - create IPUIPlugin
2025-12-25 19:46:36,397 [INFO] PluginManager:220 - loadIPPluginJar : add ucpd
2025-12-25 19:46:36,404 [INFO] IPUIPlugin:80 - create IPUIPlugin
2025-12-25 19:46:36,405 [INFO] PluginManager:220 - loadIPPluginJar : add usart
2025-12-25 19:46:36,414 [INFO] IPUIPlugin:80 - create IPUIPlugin
2025-12-25 19:46:36,415 [INFO] PluginManager:220 - loadIPPluginJar : add usbx
2025-12-25 19:46:36,641 [FATAL] Updater:351 - Updater called before beeing initialized
2025-12-25 19:46:36,738 [INFO] RulesReader:64 - Compatibility file has been processed (317 Rules)
2025-12-25 19:46:36,789 [INFO] RulesReader:64 - Compatibility file has been processed (317 Rules)
2025-12-25 19:46:36,808 [INFO] CADModel:165 - CPN selected for project level
2025-12-25 19:46:36,808 [INFO] CADModel:114 - Register for checkConnection events
2025-12-25 19:46:36,808 [FATAL] Updater:351 - Updater called before beeing initialized
2025-12-25 19:46:36,809 [ERROR] CADModel:125 - Updater not yet initialized, retry later 
2025-12-25 19:46:37,273 [FATAL] Updater:351 - Updater called before beeing initialized
2025-12-25 19:46:37,279 [INFO] CADModel:165 - CPN selected for project level
2025-12-25 19:46:37,281 [INFO] CADModel:114 - Register for checkConnection events
2025-12-25 19:46:37,281 [FATAL] Updater:351 - Updater called before beeing initialized
2025-12-25 19:46:37,281 [ERROR] CADModel:125 - Updater not yet initialized, retry later 
2025-12-25 19:46:37,290 [FATAL] Updater:351 - Updater called before beeing initialized
2025-12-25 19:46:37,517 [INFO] ThirdPartyUpdaterWithRetryManager:70 - Updater plugin not ready yet. [2/15]
2025-12-25 19:46:37,577 [FATAL] Updater:351 - Updater called before beeing initialized
2025-12-25 19:46:37,592 [INFO] DbMcusAds:53 - JSON generation date=Tue Dec 16 04:41:46 IST 2025 (1765840306612)
2025-12-25 19:46:37,592 [FATAL] Updater:351 - Updater called before beeing initialized
2025-12-25 19:46:37,698 [WARN] DetailPanel:346 - Failed to get advertising image, set to default
2025-12-25 19:46:37,929 [FATAL] Updater:351 - Updater called before beeing initialized
2025-12-25 19:46:37,933 [FATAL] Updater:351 - Updater called before beeing initialized
2025-12-25 19:46:37,933 [FATAL] Updater:351 - Updater called before beeing initialized
2025-12-25 19:46:37,933 [WARN] DetailPanel:346 - Failed to get advertising image, set to default
2025-12-25 19:46:37,936 [FATAL] Updater:351 - Updater called before beeing initialized
2025-12-25 19:46:38,074 [ERROR] Updater:1198 - MainUpdater not yet initialized. External WinMGr cannot be set.
2025-12-25 19:46:38,082 [INFO] Updater:1134 - Updater Version found : 6.15.0
2025-12-25 19:46:38,126 [INFO] ApplicationProperties:184 - Using Application install path: C:\Users\hp\Desktop\STM32CubeIDE_1.19.0\STM32CubeIDE\plugins\com.st.stm32cube.common.mx_6.15.0.202507011659
2025-12-25 19:46:39,744 [ERROR] LogOutputStream:75 - [STDERR_REDIRECT] Dec 25, 2025 7:46:39 PM java.util.prefs.WindowsPreferences <init>
2025-12-25 19:46:39,749 [ERROR] LogOutputStream:75 - [STDERR_REDIRECT] WARNING: Could not open/create prefs root node Software\JavaSoft\Prefs at root 0xffffffff80000002. Windows RegCreateKeyEx(...) returned error code 5.
2025-12-25 19:46:39,750 [ERROR] LogOutputStream:75 - [STDERR_REDIRECT] 
2025-12-25 19:46:40,425 [INFO] MainUpdater:2872 - connection check result : 10
2025-12-25 19:46:40,426 [INFO] MainUpdater:289 - Updater Check For Update Now.
2025-12-25 19:46:40,427 [INFO] MicroXplorer:498 - Change Database Version : DB.6.0.150
2025-12-25 19:46:40,468 [INFO] McuFinderGlobals:63 - Set McuFinder mode to 2 (CubeIDE integrated)
2025-12-25 19:46:40,471 [INFO] UserAuth:487 - Internet connection configuration mode: 1
2025-12-25 19:46:40,520 [WARN] MainUpdater:1193 - Updater busy. Cannot search thirdparties
2025-12-25 19:46:40,521 [INFO] ThirdPartyUpdaterWithRetryManager:96 - Updater plugin is busy. [1/15]
2025-12-25 19:46:40,539 [INFO] JxBrowserEngine:152 - Initiate JxBrowser Engine with user profile folder
2025-12-25 19:46:40,864 [INFO] CheckServerUpdateThread:120 - End of CheckServer Thread
2025-12-25 19:46:43,929 [INFO] WebApp:169 - Instantiating new browser for Auth
2025-12-25 19:46:44,361 [WARN] PackLoader:240 - Cannot read IP mode file for STMicroelectronics.FP-SNS-MOTENVWB1.1.4.0
2025-12-25 19:46:44,394 [WARN] PackLoader:240 - Cannot read IP mode file for STMicroelectronics.FP-ATR-ASTRA1.2.0.2
2025-12-25 19:46:44,433 [WARN] PackLoader:240 - Cannot read IP mode file for STMicroelectronics.X-CUBE-SMBUS.2.1.0
2025-12-25 19:46:44,558 [WARN] PackLoader:240 - Cannot read IP mode file for STMicroelectronics.X-CUBE-AZRTOS-F7.1.1.0
2025-12-25 19:46:44,583 [WARN] PackLoader:240 - Cannot read IP mode file for STMicroelectronics.FP-SNS-MOTENV1.5.1.0
2025-12-25 19:46:44,618 [WARN] PackLoader:240 - Cannot read IP mode file for WES.I-CUBE-Cesium.1.4.0
2025-12-25 19:46:44,749 [WARN] PackLoader:240 - Cannot read IP mode file for STMicroelectronics.X-CUBE-AZRTOS-H7.3.4.0
2025-12-25 19:46:44,792 [WARN] PackLoader:240 - Cannot read IP mode file for STMicroelectronics.X-CUBE-DISPLAY.3.0.0
2025-12-25 19:46:44,850 [WARN] PackLoader:240 - Cannot read IP mode file for STMicroelectronics.X-CUBE-NFC10.1.0.0
2025-12-25 19:46:44,869 [WARN] PackLoader:240 - Cannot read IP mode file for STMicroelectronics.X-CUBE-ST60.1.1.0
2025-12-25 19:46:44,890 [WARN] PackLoader:240 - Cannot read IP mode file for emotas.I-CUBE-CANOPEN.1.3.0
2025-12-25 19:46:45,020 [WARN] PackLoader:240 - Cannot read IP mode file for STMicroelectronics.X-CUBE-GNSS1.7.1.0
2025-12-25 19:46:45,044 [WARN] PackLoader:240 - Cannot read IP mode file for STMicroelectronics.FP-SNS-STBOX1.2.1.0
2025-12-25 19:46:45,063 [WARN] PackLoader:240 - Cannot read IP mode file for STMicroelectronics.FP-SNS-SMARTAG2.1.2.0
2025-12-25 19:46:45,075 [WARN] PackLoader:240 - Cannot read IP mode file for STMicroelectronics.FP-SNS-FLIGHT1.5.1.0
2025-12-25 19:46:45,107 [INFO] LogOutputStream:77 - [STDOUT_REDIRECT] 1 : Invalid condition id : UX_CORESTACK_Condition cause : null
2025-12-25 19:46:45,108 [INFO] LogOutputStream:77 - [STDOUT_REDIRECT] 1 : Invalid condition id : UX_CORESTACK_Condition cause : null
2025-12-25 19:46:45,112 [INFO] LogOutputStream:77 - [STDOUT_REDIRECT] 1 : Invalid condition id : UX_CORESTACK_Condition cause : null
2025-12-25 19:46:45,115 [INFO] LogOutputStream:77 - [STDOUT_REDIRECT] 1 : Invalid condition id : UX_CORESTACK_Condition cause : null
2025-12-25 19:46:45,118 [INFO] LogOutputStream:77 - [STDOUT_REDIRECT] 1 : Invalid condition id : UX_CORESTACK_Condition cause : null
2025-12-25 19:46:45,127 [WARN] PackLoader:240 - Cannot read IP mode file for STMicroelectronics.X-CUBE-AZRTOS-WL.2.0.0
2025-12-25 19:46:45,193 [WARN] PackLoader:240 - Cannot read IP mode file for STMicroelectronics.X-CUBE-AZRTOS-H7RS.1.2.0
2025-12-25 19:46:45,216 [WARN] PackLoader:240 - Cannot read IP mode file for STMicroelectronics.X-CUBE-BLE2.3.3.0
2025-12-25 19:46:45,269 [WARN] PackLoader:240 - Cannot read IP mode file for STMicroelectronics.X-CUBE-NFC9.1.0.0
2025-12-25 19:46:45,287 [WARN] PackLoader:240 - Cannot read IP mode file for STMicroelectronics.X-CUBE-BLE1.7.1.0
2025-12-25 19:46:45,301 [WARN] PackLoader:240 - Cannot read IP mode file for wolfSSL.I-CUBE-wolfMQTT.1.19.2
2025-12-25 19:46:45,318 [WARN] PackLoader:240 - Cannot read IP mode file for STMicroelectronics.X-CUBE-FREERTOS.1.4.0
2025-12-25 19:46:45,334 [WARN] PackLoader:240 - Cannot read IP mode file for STMicroelectronics.X-CUBE-EEPRMA1.5.2.0
2025-12-25 19:46:45,349 [WARN] PackLoader:240 - Cannot read IP mode file for wolfSSL.I-CUBE-wolfSSL.5.8.4
2025-12-25 19:46:45,365 [WARN] PackLoader:240 - Cannot read IP mode file for STMicroelectronics.X-CUBE-ST67W61.1.1.0
2025-12-25 19:46:45,520 [WARN] PackLoader:240 - Cannot read IP mode file for STMicroelectronics.X-CUBE-MEMS1.12.0.0
2025-12-25 19:46:45,900 [WARN] PackLoader:240 - Cannot read IP mode file for STMicroelectronics.X-CUBE-AZRTOS-G0.1.1.0
2025-12-25 19:46:45,923 [WARN] PackLoader:240 - Cannot read IP mode file for STMicroelectronics.X-CUBE-NFC4.3.0.0
2025-12-25 19:46:45,948 [WARN] PackLoader:240 - Cannot read IP mode file for EmbeddedOffice.I-CUBE-FS-RTOS.1.0.1
2025-12-25 19:46:45,994 [WARN] PackLoader:240 - Cannot read IP mode file for STMicroelectronics.X-CUBE-WB05N.2.0.0
2025-12-25 19:46:46,008 [WARN] PackLoader:240 - Cannot read IP mode file for wolfSSL.I-CUBE-wolfTPM.3.8.0
2025-12-25 19:46:46,023 [WARN] PackLoader:240 - Cannot read IP mode file for STMicroelectronics.X-CUBE-TCPP.4.2.0
2025-12-25 19:46:46,038 [WARN] PackLoader:240 - Cannot read IP mode file for RealThread.X-CUBE-RT-Thread_Nano.4.1.1
2025-12-25 19:46:46,048 [WARN] PackLoader:240 - Cannot read IP mode file for STMicroelectronics.FP-ATR-SIGFOX1.3.2.0
2025-12-25 19:46:46,064 [WARN] PackLoader:240 - Cannot read IP mode file for ITTIA_DB.I-CUBE-ITTIADB.8.9.0
2025-12-25 19:46:46,077 [WARN] PackLoader:240 - Cannot read IP mode file for STMicroelectronics.X-CUBE-AI.10.2.0
2025-12-25 19:46:46,169 [WARN] PackLoader:240 - Cannot read IP mode file for SEGGER.I-CUBE-embOS.1.3.1
2025-12-25 19:46:46,406 [WARN] PackLoader:240 - Cannot read IP mode file for STMicroelectronics.X-CUBE-ALGOBUILD.1.4.0
2025-12-25 19:46:46,424 [WARN] PackLoader:240 - Cannot read IP mode file for STMicroelectronics.X-CUBE-PM33A1.1.0.0
2025-12-25 19:46:46,473 [WARN] PackLoader:240 - Cannot read IP mode file for STMicroelectronics.X-CUBE-AZRTOS-F4.1.1.0
2025-12-25 19:46:46,489 [WARN] PackLoader:240 - Cannot read IP mode file for STMicroelectronics.X-CUBE-ISPU.2.1.0
2025-12-25 19:46:46,526 [WARN] PackLoader:240 - Cannot read IP mode file for STMicroelectronics.X-CUBE-IPS.3.2.0
2025-12-25 19:46:46,561 [WARN] PackLoader:240 - Cannot read IP mode file for STMicroelectronics.X-CUBE-NFC12.1.0.0
2025-12-25 19:46:46,612 [WARN] PackLoader:240 - Cannot read IP mode file for STMicroelectronics.X-CUBE-AZRTOS-L5.2.0.0
2025-12-25 19:46:46,638 [WARN] PackLoader:240 - Cannot read IP mode file for STMicroelectronics.X-CUBE-NFC6.3.1.0
2025-12-25 19:46:46,657 [WARN] PackLoader:240 - Cannot read IP mode file for STMicroelectronics.X-CUBE-TOUCHGFX.4.26.0
2025-12-25 19:46:46,678 [WARN] PackLoader:240 - Cannot read IP mode file for STMicroelectronics.FP-SNS-STAIOTCFT.1.0.0
2025-12-25 19:46:46,717 [WARN] PackLoader:240 - Cannot read IP mode file for STMicroelectronics.X-CUBE-DPower.1.3.0
2025-12-25 19:46:46,768 [WARN] ConditionMgr:438 - getConditionDescription Invalid condition id : LAN8742 Phy interface Condition cause : null
2025-12-25 19:46:46,771 [WARN] PackLoader:240 - Cannot read IP mode file for STMicroelectronics.X-CUBE-AZRTOS-L4.2.0.0
2025-12-25 19:46:46,776 [WARN] ConditionMgr:1044 - genDependencies : Invalid condition id : LAN8742 Phy interface Condition cause : null
2025-12-25 19:46:46,776 [WARN] ConditionMgr:1044 - genDependencies : Invalid condition id : LAN8742 Phy interface Condition cause : null
2025-12-25 19:46:46,778 [WARN] ConditionMgr:1044 - genDependencies : Invalid condition id : LAN8742 Phy interface Condition cause : null
2025-12-25 19:46:46,809 [WARN] PackLoader:240 - Cannot read IP mode file for STMicroelectronics.X-CUBE-SFXS2LP1.4.0.0
2025-12-25 19:46:46,849 [WARN] PackLoader:240 - Cannot read IP mode file for STMicroelectronics.X-CUBE-BLEMGR.4.1.0
2025-12-25 19:46:46,902 [WARN] ConditionMgr:438 - getConditionDescription Invalid condition id : UX DEVICE CLASS RTOS Condition cause : null
2025-12-25 19:46:46,903 [WARN] ConditionMgr:438 - getConditionDescription Invalid condition id : UX DEVICE CLASS RTOS Condition cause : null
2025-12-25 19:46:46,909 [WARN] PackLoader:240 - Cannot read IP mode file for STMicroelectronics.X-CUBE-AZRTOS-WB.2.0.0
2025-12-25 19:46:46,910 [WARN] ConditionMgr:1044 - genDependencies : Invalid condition id : UX DEVICE CLASS RTOS Condition cause : null
2025-12-25 19:46:46,910 [WARN] ConditionMgr:1044 - genDependencies : Invalid condition id : UX DEVICE CLASS RTOS Condition cause : null
2025-12-25 19:46:46,912 [WARN] ConditionMgr:1044 - genDependencies : Invalid condition id : UX DEVICE CLASS RTOS Condition cause : null
2025-12-25 19:46:46,913 [WARN] ConditionMgr:1044 - genDependencies : Invalid condition id : UX DEVICE CLASS RTOS Condition cause : null
2025-12-25 19:46:46,914 [WARN] ConditionMgr:1044 - genDependencies : Invalid condition id : UX DEVICE CLASS RTOS Condition cause : null
2025-12-25 19:46:46,942 [WARN] ConditionMgr:438 - getConditionDescription Invalid condition id : Cortex-A Device cause : null
2025-12-25 19:46:46,972 [WARN] ConditionMgr:1044 - genDependencies : Invalid condition id : Cortex-A Device cause : null
2025-12-25 19:46:46,972 [WARN] ConditionMgr:1044 - genDependencies : Invalid condition id : Cortex-A Device cause : null
2025-12-25 19:46:46,973 [WARN] ConditionMgr:1044 - genDependencies : Invalid condition id : Cortex-A Device cause : null
2025-12-25 19:46:47,005 [WARN] PackLoader:240 - Cannot read IP mode file for STMicroelectronics.X-CUBE-SUBG2.5.0.0
2025-12-25 19:46:47,079 [WARN] PackLoader:240 - Cannot read IP mode file for STMicroelectronics.X-CUBE-AZRTOS-G4.2.0.0
2025-12-25 19:46:47,095 [WARN] PackLoader:240 - Cannot read IP mode file for wolfSSL.I-CUBE-wolfSSH.1.4.20
2025-12-25 19:46:47,106 [WARN] PackLoader:240 - Cannot read IP mode file for STMicroelectronics.X-CUBE-NFC7.2.0.0
2025-12-25 19:46:47,118 [WARN] PackLoader:240 - Cannot read IP mode file for STMicroelectronics.X-CUBE-ALS.1.0.2
2025-12-25 19:46:47,138 [WARN] PackLoader:240 - Cannot read IP mode file for STMicroelectronics.X-CUBE-STSE01.1.0.0
2025-12-25 19:46:47,169 [WARN] PackLoader:240 - Cannot read IP mode file for STMicroelectronics.X-CUBE-TOF1.3.4.3
2025-12-25 19:46:47,202 [INFO] ThirdParty:978 - Integrity check success = true
2025-12-25 19:46:47,202 [INFO] IntegrityCheckThread:100 - exiting critical section [integrity check]
2025-12-25 19:46:47,203 [INFO] IntegrityCheckThread:103 - End integrity checks thread
2025-12-25 19:46:47,473 [INFO] WebApp:463 - Apply proxy settings
2025-12-25 19:46:47,474 [INFO] WebApp:548 - Chromium requires no authentication
2025-12-25 19:46:47,504 [INFO] WebApp:491 - Direct internet connection detected
2025-12-25 19:46:47,575 [INFO] WebApp:900 - Register for checkConnection events
2025-12-25 19:46:47,575 [INFO] WebApp:463 - Apply proxy settings
2025-12-25 19:46:47,575 [INFO] WebApp:548 - Chromium requires no authentication
2025-12-25 19:46:47,577 [INFO] WebApp:491 - Direct internet connection detected
2025-12-25 19:46:47,912 [INFO] WebApp:191 - Connection restablished
2025-12-25 19:46:48,187 [INFO] WebApp:225 - Starting web application
2025-12-25 19:46:48,187 [INFO] WebApp:593 - Web application path used C:\Users\hp\Desktop\STM32CubeIDE_1.19.0\STM32CubeIDE\plugins\com.st.stm32cube.common.mx_6.15.0.202507011659\db\plugins\mcufinder\reactClient1\index.html
2025-12-25 19:46:48,438 [INFO] UserAuth:487 - Internet connection configuration mode: 1
2025-12-25 20:31:57,091 [INFO] WebApp:194 - Connection lost
2025-12-25 20:31:58,108 [INFO] WebApp:191 - Connection restablished
2025-12-25 20:31:59,476 [INFO] WebApp:194 - Connection lost
2025-12-25 20:31:59,782 [INFO] WebApp:191 - Connection restablished
2025-12-25 20:57:08,448 [ERROR] LogOutputStream:75 - [STDERR_REDIRECT] 
2025-12-25 20:57:08,455 [ERROR] LogOutputStream:75 - [STDERR_REDIRECT] 
2025-12-25 21:44:28,896 [INFO] Activator:176 - 


2025-12-25 21:44:28,902 [INFO] Activator:177 - !SESSION log4j initialized
2025-12-25 21:44:43,144 [INFO] LogOutputStream:77 - [STDOUT_REDIRECT] 
2025-12-25 21:44:54,206 [INFO] ApplicationProperties:184 - Using Application install path: C:\Users\hp\Desktop\STM32CubeIDE_1.19.0\STM32CubeIDE\plugins\com.st.stm32cube.common.mx_6.15.0.202507011659
2025-12-25 21:44:54,261 [INFO] DbMcusXml:78 - Set database path to: C:\Users\hp\Desktop\STM32CubeIDE_1.19.0\STM32CubeIDE\plugins\com.st.stm32cube.common.mx_6.15.0.202507011659\\db\/mcu/
2025-12-25 21:44:54,262 [INFO] ApiDb:274 - Set plugin database path to: C:\Users\hp\Desktop\STM32CubeIDE_1.19.0\STM32CubeIDE\plugins\com.st.stm32cube.common.mx_6.15.0.202507011659\\db\/plugins/boardmanager/
2025-12-25 21:44:54,263 [WARN] ApiDb:259 - Overriding images path with different value:  => C:\Users\hp\Desktop\STM32CubeIDE_1.19.0\STM32CubeIDE\plugins\com.st.stm32cube.common.mx_6.15.0.202507011659\\db\/plugins/mcufinder/images/
2025-12-25 21:44:54,281 [INFO] ApiDb:250 - Set database path to: C:\Users\hp\.stmcufinder\plugins\mcufinder//mcu/
2025-12-25 21:44:54,285 [INFO] DbMcusAds:125 - Set database path to: C:\Users\hp\.stmcufinder\plugins\mcufinder//mcu/
2025-12-25 21:44:54,334 [INFO] CrossReferenceDbSqlite:203 - Set database path to: C:\Users\hp\.stmcufinder\plugins\mcufinder//mcu/cs/
2025-12-25 21:44:54,663 [INFO] RulesReader:64 - Compatibility file has been processed (317 Rules)
2025-12-25 21:44:54,921 [INFO] DbMcusXml:78 - Set database path to: C:\Users\hp\Desktop\STM32CubeIDE_1.19.0\STM32CubeIDE\plugins\com.st.stm32cube.common.mx_6.15.0.202507011659\\db\/mcu/
2025-12-25 21:44:54,922 [INFO] ApiDb:274 - Set plugin database path to: C:\Users\hp\Desktop\STM32CubeIDE_1.19.0\STM32CubeIDE\plugins\com.st.stm32cube.common.mx_6.15.0.202507011659\\db\/plugins/boardmanager/
2025-12-25 21:44:54,922 [INFO] ApiDb:261 - Set plugin images path to: C:\Users\hp\Desktop\STM32CubeIDE_1.19.0\STM32CubeIDE\plugins\com.st.stm32cube.common.mx_6.15.0.202507011659\\db\/plugins/mcufinder/images/
2025-12-25 21:44:54,923 [WARN] DbFile:41 - Overriding database path with different value: C:\Users\hp\.stmcufinder\plugins\mcufinder/ => C:\Users\hp\.stmcufinder\plugins\mcufinder
2025-12-25 21:44:54,923 [INFO] ApiDb:250 - Set database path to: C:\Users\hp\.stmcufinder\plugins\mcufinder//mcu/
2025-12-25 21:44:54,923 [WARN] DbFile:41 - Overriding database path with different value: C:\Users\hp\.stmcufinder\plugins\mcufinder/ => C:\Users\hp\.stmcufinder\plugins\mcufinder
2025-12-25 21:44:54,923 [INFO] DbMcusAds:125 - Set database path to: C:\Users\hp\.stmcufinder\plugins\mcufinder//mcu/
2025-12-25 21:44:54,923 [WARN] DbFile:41 - Overriding database path with different value: C:\Users\hp\.stmcufinder\plugins\mcufinder/ => C:\Users\hp\.stmcufinder\plugins\mcufinder
2025-12-25 21:44:54,925 [WARN] DbFile:41 - Overriding database path with different value: C:\Users\hp\.stmcufinder\plugins\mcufinder/ => C:\Users\hp\.stmcufinder\plugins\mcufinder
2025-12-25 21:44:54,925 [INFO] CrossReferenceDbSqlite:203 - Set database path to: C:\Users\hp\.stmcufinder\plugins\mcufinder//mcu/cs/
2025-12-25 21:44:55,201 [INFO] MainPanel:274 - HeapMemory: 288358400
2025-12-25 21:44:55,492 [INFO] DbMcusXml:78 - Set database path to: C:\Users\hp\Desktop\STM32CubeIDE_1.19.0\STM32CubeIDE\plugins\com.st.stm32cube.common.mx_6.15.0.202507011659\\db\/mcu/
2025-12-25 21:44:55,493 [INFO] ApiDb:274 - Set plugin database path to: C:\Users\hp\Desktop\STM32CubeIDE_1.19.0\STM32CubeIDE\plugins\com.st.stm32cube.common.mx_6.15.0.202507011659\\db\/plugins/boardmanager/
2025-12-25 21:44:55,493 [INFO] ApiDb:261 - Set plugin images path to: C:\Users\hp\Desktop\STM32CubeIDE_1.19.0\STM32CubeIDE\plugins\com.st.stm32cube.common.mx_6.15.0.202507011659\\db\/plugins/mcufinder/images/
2025-12-25 21:44:55,494 [WARN] DbFile:41 - Overriding database path with different value: C:\Users\hp\.stmcufinder\plugins\mcufinder/ => C:\Users\hp\.stmcufinder\plugins\mcufinder
2025-12-25 21:44:55,494 [INFO] ApiDb:250 - Set database path to: C:\Users\hp\.stmcufinder\plugins\mcufinder//mcu/
2025-12-25 21:44:55,494 [WARN] DbFile:41 - Overriding database path with different value: C:\Users\hp\.stmcufinder\plugins\mcufinder/ => C:\Users\hp\.stmcufinder\plugins\mcufinder
2025-12-25 21:44:55,495 [INFO] DbMcusAds:125 - Set database path to: C:\Users\hp\.stmcufinder\plugins\mcufinder//mcu/
2025-12-25 21:44:55,495 [WARN] DbFile:41 - Overriding database path with different value: C:\Users\hp\.stmcufinder\plugins\mcufinder/ => C:\Users\hp\.stmcufinder\plugins\mcufinder
2025-12-25 21:44:55,495 [WARN] DbFile:41 - Overriding database path with different value: C:\Users\hp\.stmcufinder\plugins\mcufinder/ => C:\Users\hp\.stmcufinder\plugins\mcufinder
2025-12-25 21:44:55,495 [INFO] CrossReferenceDbSqlite:203 - Set database path to: C:\Users\hp\.stmcufinder\plugins\mcufinder//mcu/cs/
2025-12-25 21:44:55,543 [INFO] ApplicationProperties:184 - Using Application install path: C:\Users\hp\Desktop\STM32CubeIDE_1.19.0\STM32CubeIDE\plugins\com.st.stm32cube.common.mx_6.15.0.202507011659
2025-12-25 21:44:55,547 [INFO] PluginManage:196 - Search for loadable plugins [exclusion list=, ]
2025-12-25 21:44:55,550 [INFO] PluginManage:310 - Check plugin analytics
2025-12-25 21:44:56,037 [INFO] AnalyticsPlugin:253 - Accepted Software Licenses: 
2025-12-25 21:44:56,037 [INFO] AnalyticsPlugin:255 - Accepted CMSIS Pack Licenses: 
2025-12-25 21:44:56,038 [INFO] AnalyticsPlugin:257 - Accepted Firmware Licenses: FW.F4.1.28.0
2025-12-25 21:44:56,044 [INFO] PluginManage:359 - Loaded plugin analytics (category:tool,tabindex:-1)
2025-12-25 21:44:56,044 [INFO] PluginManage:310 - Check plugin cadmodel
2025-12-25 21:44:56,057 [INFO] CADModel:105 - Init CAD model plugin
2025-12-25 21:44:56,057 [INFO] PluginManage:359 - Loaded plugin cadmodel (category:power,tabindex:5)
2025-12-25 21:44:56,058 [INFO] PluginManage:310 - Check plugin clock
2025-12-25 21:44:56,081 [INFO] PluginManage:359 - Loaded plugin clock (category:base,tabindex:2)
2025-12-25 21:44:56,081 [INFO] PluginManage:310 - Check plugin ddr
2025-12-25 21:44:56,088 [INFO] PluginManage:359 - Loaded plugin ddr (category:tool,tabindex:6)
2025-12-25 21:44:56,088 [INFO] PluginManage:310 - Check plugin filemanager
2025-12-25 21:44:56,480 [INFO] PluginManage:359 - Loaded plugin filemanager (category:base,tabindex:10)
2025-12-25 21:44:56,480 [INFO] PluginManage:310 - Check plugin ipmanager
2025-12-25 21:44:56,512 [INFO] PluginManage:359 - Loaded plugin ipmanager (category:base,tabindex:5)
2025-12-25 21:44:56,513 [INFO] PluginManage:310 - Check plugin lpbam
2025-12-25 21:44:56,533 [INFO] PluginManage:359 - Loaded plugin lpbam (category:base,tabindex:0)
2025-12-25 21:44:56,533 [INFO] PluginManage:310 - Check plugin memorymap
2025-12-25 21:44:56,581 [INFO] PluginManage:359 - Loaded plugin memorymap (category:base,tabindex:4)
2025-12-25 21:44:56,581 [INFO] PluginManage:310 - Check plugin pinoutandconfiguration
2025-12-25 21:44:56,603 [INFO] PluginManage:359 - Loaded plugin pinoutandconfiguration (category:base,tabindex:1)
2025-12-25 21:44:56,603 [INFO] PluginManage:310 - Check plugin pinoutconfig
2025-12-25 21:44:56,841 [WARN] SupportedApi:132 - Cannot load RTOS API schema: s4s-elt-must-match.1: The content of 'definitions' must match (annotation?, (simpleType | complexType)?, (unique | key | keyref)*)). A problem was found starting at: attribute.
2025-12-25 21:44:57,273 [INFO] PluginManage:359 - Loaded plugin pinoutconfig (category:base,tabindex:0)
2025-12-25 21:44:57,273 [INFO] PluginManage:310 - Check plugin power
2025-12-25 21:44:57,306 [INFO] PluginManage:359 - Loaded plugin power (category:power,tabindex:4)
2025-12-25 21:44:57,307 [INFO] PluginManage:310 - Check plugin projectmanager
2025-12-25 21:44:57,341 [INFO] PluginManage:359 - Loaded plugin projectmanager (category:projectmanager,tabindex:4)
2025-12-25 21:44:57,342 [INFO] PluginManage:310 - Check plugin rif
2025-12-25 21:44:57,363 [INFO] PluginManage:359 - Loaded plugin rif (category:base,tabindex:3)
2025-12-25 21:44:57,364 [INFO] PluginManage:310 - Check plugin thirdparty
2025-12-25 21:44:57,804 [INFO] PluginManage:359 - Loaded plugin thirdparty (category:base,tabindex:-1)
2025-12-25 21:44:57,805 [INFO] PluginManage:310 - Check plugin tools
2025-12-25 21:44:57,812 [INFO] PluginManage:359 - Loaded plugin tools (category:base,tabindex:7)
2025-12-25 21:44:57,813 [INFO] PluginManage:310 - Check plugin tutovideos
2025-12-25 21:44:57,832 [WARN] IntegrityCheckThread:84 - waiting for thirdparty lock release [integrity check]
2025-12-25 21:44:57,834 [INFO] IntegrityCheckThread:86 - entering critical section [integrity check]
2025-12-25 21:44:57,835 [INFO] ThirdPartyUpdaterWithRetryManager:70 - Updater plugin not ready yet. [1/15]
2025-12-25 21:44:58,551 [INFO] PluginManage:359 - Loaded plugin tutovideos (category:base,tabindex:-1)
2025-12-25 21:44:58,551 [INFO] PluginManage:310 - Check plugin updater
2025-12-25 21:44:58,702 [INFO] PluginManage:359 - Loaded plugin updater (category:base,tabindex:12)
2025-12-25 21:44:58,702 [INFO] PluginManage:310 - Check plugin userauth
2025-12-25 21:44:58,713 [INFO] UserAuth:118 - Init User Auth plugin
2025-12-25 21:44:58,716 [INFO] PluginManage:359 - Loaded plugin userauth (category:base,tabindex:14)
2025-12-25 21:44:58,717 [INFO] PluginManage:283 - PluginManage : Loaded plugins [18]
2025-12-25 21:44:59,358 [INFO] PinOutPanel:1589 - setPackage(No Configuration,No Configuration)
2025-12-25 21:44:59,590 [INFO] CADModel:165 - CPN selected for project level
2025-12-25 21:44:59,590 [INFO] CADModel:114 - Register for checkConnection events
2025-12-25 21:44:59,638 [INFO] IPUIPlugin:80 - create IPUIPlugin
2025-12-25 21:44:59,638 [INFO] PluginManager:220 - loadIPPluginJar : add adc
2025-12-25 21:44:59,646 [INFO] IPUIPlugin:80 - create IPUIPlugin
2025-12-25 21:44:59,646 [INFO] PluginManager:220 - loadIPPluginJar : add aes
2025-12-25 21:44:59,655 [INFO] IPUIPlugin:80 - create IPUIPlugin
2025-12-25 21:44:59,656 [INFO] PluginManager:220 - loadIPPluginJar : add can
2025-12-25 21:44:59,661 [INFO] IPUIPlugin:80 - create IPUIPlugin
2025-12-25 21:44:59,661 [INFO] PluginManager:220 - loadIPPluginJar : add comp
2025-12-25 21:44:59,667 [INFO] IPUIPlugin:80 - create IPUIPlugin
2025-12-25 21:44:59,667 [INFO] PluginManager:220 - loadIPPluginJar : add cryp
2025-12-25 21:44:59,677 [INFO] IPUIPlugin:80 - create IPUIPlugin
2025-12-25 21:44:59,677 [INFO] PluginManager:220 - loadIPPluginJar : add ddr_ctrl_phy
2025-12-25 21:44:59,685 [INFO] IPUIPlugin:80 - create IPUIPlugin
2025-12-25 21:44:59,685 [INFO] PluginManager:220 - loadIPPluginJar : add dfsdm
2025-12-25 21:44:59,699 [INFO] IPUIPlugin:80 - create IPUIPlugin
2025-12-25 21:44:59,701 [INFO] PluginManager:220 - loadIPPluginJar : add dma
2025-12-25 21:44:59,707 [INFO] IPUIPlugin:80 - create IPUIPlugin
2025-12-25 21:44:59,708 [INFO] PluginManager:220 - loadIPPluginJar : add dma3
2025-12-25 21:44:59,717 [INFO] IPUIPlugin:80 - create IPUIPlugin
2025-12-25 21:44:59,717 [INFO] PluginManager:220 - loadIPPluginJar : add extmemmanager
2025-12-25 21:44:59,722 [INFO] IPUIPlugin:80 - create IPUIPlugin
2025-12-25 21:44:59,722 [INFO] PluginManager:220 - loadIPPluginJar : add fatfs
2025-12-25 21:44:59,734 [INFO] IPUIPlugin:80 - create IPUIPlugin
2025-12-25 21:44:59,735 [INFO] PluginManager:220 - loadIPPluginJar : add fmc
2025-12-25 21:44:59,750 [INFO] IPUIPlugin:80 - create IPUIPlugin
2025-12-25 21:44:59,750 [INFO] PluginManager:220 - loadIPPluginJar : add freertos
2025-12-25 21:44:59,754 [INFO] IPUIPlugin:80 - create IPUIPlugin
2025-12-25 21:44:59,754 [INFO] PluginManager:220 - loadIPPluginJar : add genericplugin
2025-12-25 21:44:59,762 [INFO] IPUIPlugin:80 - create IPUIPlugin
2025-12-25 21:44:59,763 [INFO] PluginManager:220 - loadIPPluginJar : add gfxmmu
2025-12-25 21:44:59,775 [INFO] IPUIPlugin:80 - create IPUIPlugin
2025-12-25 21:44:59,776 [INFO] PluginManager:220 - loadIPPluginJar : add gic
2025-12-25 21:44:59,784 [INFO] IPUIPlugin:80 - create IPUIPlugin
2025-12-25 21:44:59,784 [INFO] PluginManager:220 - loadIPPluginJar : add gpio
2025-12-25 21:44:59,790 [INFO] IPUIPlugin:80 - create IPUIPlugin
2025-12-25 21:44:59,790 [INFO] PluginManager:220 - loadIPPluginJar : add gtzc
2025-12-25 21:44:59,795 [INFO] IPUIPlugin:80 - create IPUIPlugin
2025-12-25 21:44:59,796 [INFO] PluginManager:220 - loadIPPluginJar : add hash
2025-12-25 21:44:59,802 [INFO] IPUIPlugin:80 - create IPUIPlugin
2025-12-25 21:44:59,802 [INFO] PluginManager:220 - loadIPPluginJar : add i2c
2025-12-25 21:44:59,808 [INFO] IPUIPlugin:80 - create IPUIPlugin
2025-12-25 21:44:59,808 [INFO] PluginManager:220 - loadIPPluginJar : add i2s
2025-12-25 21:44:59,816 [INFO] IPUIPlugin:80 - create IPUIPlugin
2025-12-25 21:44:59,816 [INFO] PluginManager:220 - loadIPPluginJar : add i3c
2025-12-25 21:44:59,824 [INFO] IPUIPlugin:80 - create IPUIPlugin
2025-12-25 21:44:59,824 [INFO] PluginManager:220 - loadIPPluginJar : add ipddr
2025-12-25 21:44:59,837 [INFO] IPUIPlugin:80 - create IPUIPlugin
2025-12-25 21:44:59,837 [INFO] PluginManager:220 - loadIPPluginJar : add linkedlist
2025-12-25 21:44:59,844 [INFO] IPUIPlugin:80 - create IPUIPlugin
2025-12-25 21:44:59,845 [INFO] PluginManager:220 - loadIPPluginJar : add lorawan
2025-12-25 21:44:59,847 [INFO] IPUIPlugin:80 - create IPUIPlugin
2025-12-25 21:44:59,848 [INFO] PluginManager:220 - loadIPPluginJar : add ltdc
2025-12-25 21:44:59,857 [INFO] IPUIPlugin:80 - create IPUIPlugin
2025-12-25 21:44:59,858 [INFO] PluginManager:220 - loadIPPluginJar : add mdma
2025-12-25 21:44:59,864 [INFO] IPUIPlugin:80 - create IPUIPlugin
2025-12-25 21:44:59,865 [INFO] PluginManager:220 - loadIPPluginJar : add nvic
2025-12-25 21:44:59,870 [INFO] IPUIPlugin:80 - create IPUIPlugin
2025-12-25 21:44:59,870 [INFO] PluginManager:220 - loadIPPluginJar : add opamp
2025-12-25 21:44:59,878 [INFO] IPUIPlugin:80 - create IPUIPlugin
2025-12-25 21:44:59,878 [INFO] PluginManager:220 - loadIPPluginJar : add openamp
2025-12-25 21:44:59,885 [INFO] IPUIPlugin:80 - create IPUIPlugin
2025-12-25 21:44:59,885 [INFO] PluginManager:220 - loadIPPluginJar : add pdm2pcm
2025-12-25 21:44:59,898 [INFO] IPUIPlugin:80 - create IPUIPlugin
2025-12-25 21:44:59,905 [INFO] PluginManager:220 - loadIPPluginJar : add plateformsettings
2025-12-25 21:44:59,910 [INFO] IPUIPlugin:80 - create IPUIPlugin
2025-12-25 21:44:59,911 [INFO] PluginManager:220 - loadIPPluginJar : add quadspi
2025-12-25 21:44:59,915 [INFO] IPUIPlugin:80 - create IPUIPlugin
2025-12-25 21:44:59,917 [INFO] PluginManager:220 - loadIPPluginJar : add radio
2025-12-25 21:44:59,926 [INFO] IPUIPlugin:80 - create IPUIPlugin
2025-12-25 21:44:59,927 [INFO] PluginManager:220 - loadIPPluginJar : add resmgrutility
2025-12-25 21:44:59,935 [INFO] IPUIPlugin:80 - create IPUIPlugin
2025-12-25 21:44:59,936 [INFO] PluginManager:220 - loadIPPluginJar : add sai
2025-12-25 21:44:59,941 [INFO] IPUIPlugin:80 - create IPUIPlugin
2025-12-25 21:44:59,941 [INFO] PluginManager:220 - loadIPPluginJar : add spi
2025-12-25 21:44:59,953 [INFO] IPUIPlugin:80 - create IPUIPlugin
2025-12-25 21:44:59,954 [INFO] PluginManager:220 - loadIPPluginJar : add stm32_wpan
2025-12-25 21:44:59,960 [INFO] IPUIPlugin:80 - create IPUIPlugin
2025-12-25 21:44:59,960 [INFO] PluginManager:220 - loadIPPluginJar : add tim
2025-12-25 21:44:59,967 [INFO] IPUIPlugin:80 - create IPUIPlugin
2025-12-25 21:44:59,967 [INFO] PluginManager:220 - loadIPPluginJar : add touchsensing
2025-12-25 21:44:59,972 [INFO] IPUIPlugin:80 - create IPUIPlugin
2025-12-25 21:44:59,972 [INFO] PluginManager:220 - loadIPPluginJar : add tracer_emb
2025-12-25 21:44:59,977 [INFO] IPUIPlugin:80 - create IPUIPlugin
2025-12-25 21:44:59,977 [INFO] PluginManager:220 - loadIPPluginJar : add ts
2025-12-25 21:44:59,981 [INFO] IPUIPlugin:80 - create IPUIPlugin
2025-12-25 21:44:59,981 [INFO] PluginManager:220 - loadIPPluginJar : add tsc
2025-12-25 21:44:59,986 [INFO] IPUIPlugin:80 - create IPUIPlugin
2025-12-25 21:44:59,986 [INFO] PluginManager:220 - loadIPPluginJar : add ucpd
2025-12-25 21:44:59,991 [INFO] IPUIPlugin:80 - create IPUIPlugin
2025-12-25 21:44:59,992 [INFO] PluginManager:220 - loadIPPluginJar : add usart
2025-12-25 21:44:59,998 [INFO] IPUIPlugin:80 - create IPUIPlugin
2025-12-25 21:44:59,998 [INFO] PluginManager:220 - loadIPPluginJar : add usbx
2025-12-25 21:45:00,215 [FATAL] Updater:351 - Updater called before beeing initialized
2025-12-25 21:45:00,333 [INFO] RulesReader:64 - Compatibility file has been processed (317 Rules)
2025-12-25 21:45:00,373 [INFO] RulesReader:64 - Compatibility file has been processed (317 Rules)
2025-12-25 21:45:00,399 [INFO] CADModel:165 - CPN selected for project level
2025-12-25 21:45:00,399 [INFO] CADModel:114 - Register for checkConnection events
2025-12-25 21:45:00,399 [FATAL] Updater:351 - Updater called before beeing initialized
2025-12-25 21:45:00,399 [ERROR] CADModel:125 - Updater not yet initialized, retry later 
2025-12-25 21:45:00,836 [INFO] ThirdPartyUpdaterWithRetryManager:70 - Updater plugin not ready yet. [2/15]
2025-12-25 21:45:00,967 [FATAL] Updater:351 - Updater called before beeing initialized
2025-12-25 21:45:00,971 [INFO] CADModel:165 - CPN selected for project level
2025-12-25 21:45:00,971 [INFO] CADModel:114 - Register for checkConnection events
2025-12-25 21:45:00,971 [FATAL] Updater:351 - Updater called before beeing initialized
2025-12-25 21:45:00,972 [ERROR] CADModel:125 - Updater not yet initialized, retry later 
2025-12-25 21:45:00,980 [FATAL] Updater:351 - Updater called before beeing initialized
2025-12-25 21:45:01,250 [FATAL] Updater:351 - Updater called before beeing initialized
2025-12-25 21:45:01,260 [INFO] DbMcusAds:53 - JSON generation date=Tue Dec 16 04:41:46 IST 2025 (1765840306612)
2025-12-25 21:45:01,261 [FATAL] Updater:351 - Updater called before beeing initialized
2025-12-25 21:45:01,346 [WARN] DetailPanel:346 - Failed to get advertising image, set to default
2025-12-25 21:45:01,527 [FATAL] Updater:351 - Updater called before beeing initialized
2025-12-25 21:45:01,530 [FATAL] Updater:351 - Updater called before beeing initialized
2025-12-25 21:45:01,530 [FATAL] Updater:351 - Updater called before beeing initialized
2025-12-25 21:45:01,530 [WARN] DetailPanel:346 - Failed to get advertising image, set to default
2025-12-25 21:45:01,532 [FATAL] Updater:351 - Updater called before beeing initialized
2025-12-25 21:45:01,647 [ERROR] Updater:1198 - MainUpdater not yet initialized. External WinMGr cannot be set.
2025-12-25 21:45:01,651 [INFO] Updater:1134 - Updater Version found : 6.15.0
2025-12-25 21:45:01,682 [INFO] ApplicationProperties:184 - Using Application install path: C:\Users\hp\Desktop\STM32CubeIDE_1.19.0\STM32CubeIDE\plugins\com.st.stm32cube.common.mx_6.15.0.202507011659
2025-12-25 21:45:03,280 [ERROR] LogOutputStream:75 - [STDERR_REDIRECT] Dec 25, 2025 9:45:03 PM java.util.prefs.WindowsPreferences <init>
2025-12-25 21:45:03,285 [ERROR] LogOutputStream:75 - [STDERR_REDIRECT] WARNING: Could not open/create prefs root node Software\JavaSoft\Prefs at root 0xffffffff80000002. Windows RegCreateKeyEx(...) returned error code 5.
2025-12-25 21:45:03,286 [ERROR] LogOutputStream:75 - [STDERR_REDIRECT] 
2025-12-25 21:45:03,837 [FATAL] Updater:351 - Updater called before beeing initialized
2025-12-25 21:45:03,838 [ERROR] IntegrityCheckThread:130 - Cannot retrieve database content from updater: error 21
2025-12-25 21:45:03,839 [INFO] ThirdParty:978 - Integrity check success = false
2025-12-25 21:45:03,839 [INFO] IntegrityCheckThread:100 - exiting critical section [integrity check]
2025-12-25 21:45:03,839 [INFO] IntegrityCheckThread:103 - End integrity checks thread
2025-12-25 21:45:04,024 [INFO] MainUpdater:2872 - connection check result : 10
2025-12-25 21:45:04,025 [INFO] MainUpdater:289 - Updater Check For Update Now.
2025-12-25 21:45:04,025 [INFO] MicroXplorer:498 - Change Database Version : DB.6.0.150
2025-12-25 21:45:04,037 [INFO] McuFinderGlobals:63 - Set McuFinder mode to 2 (CubeIDE integrated)
2025-12-25 21:45:04,039 [INFO] UserAuth:487 - Internet connection configuration mode: 1
2025-12-25 21:45:04,091 [INFO] JxBrowserEngine:152 - Initiate JxBrowser Engine with user profile folder
2025-12-25 21:45:04,410 [INFO] CheckServerUpdateThread:120 - End of CheckServer Thread
2025-12-25 21:45:07,968 [INFO] WebApp:169 - Instantiating new browser for Auth
2025-12-25 21:45:09,838 [INFO] WebApp:463 - Apply proxy settings
2025-12-25 21:45:09,840 [INFO] WebApp:548 - Chromium requires no authentication
2025-12-25 21:45:09,862 [INFO] WebApp:491 - Direct internet connection detected
2025-12-25 21:45:09,935 [INFO] WebApp:900 - Register for checkConnection events
2025-12-25 21:45:09,935 [INFO] WebApp:463 - Apply proxy settings
2025-12-25 21:45:09,936 [INFO] WebApp:548 - Chromium requires no authentication
2025-12-25 21:45:09,937 [INFO] WebApp:491 - Direct internet connection detected
2025-12-25 21:45:10,331 [INFO] WebApp:191 - Connection restablished
2025-12-25 21:45:10,479 [INFO] WebApp:225 - Starting web application
2025-12-25 21:45:10,479 [INFO] WebApp:593 - Web application path used C:\Users\hp\Desktop\STM32CubeIDE_1.19.0\STM32CubeIDE\plugins\com.st.stm32cube.common.mx_6.15.0.202507011659\db\plugins\mcufinder\reactClient1\index.html
2025-12-25 21:45:11,248 [INFO] UserAuth:487 - Internet connection configuration mode: 1
2025-12-25 22:17:35,364 [ERROR] LogOutputStream:75 - [STDERR_REDIRECT] 
2025-12-25 22:17:35,367 [ERROR] LogOutputStream:75 - [STDERR_REDIRECT] 
